2022-05-12 15:02:24 [scrapy.utils.log] INFO: Scrapy 2.5.0 started (bot: eversec)
2022-05-12 15:02:24 [scrapy.utils.log] INFO: Versions: lxml 4.6.3.0, libxml2 2.9.5, cssselect 1.1.0, parsel 1.6.0, w3lib 1.22.0, Twisted 22.4.0, Python 3.8.5 (default, Sep  3 2020, 21:29:08) [MSC v.1916 64 bit (AMD64)], pyOpenSSL 20.0.1 (OpenSSL 1.1.1i  8 Dec 2020), cryptography 3.3.2, Platform Windows-10-10.0.19041-SP0
2022-05-12 15:02:24 [scrapy.utils.log] DEBUG: Using reactor: twisted.internet.selectreactor.SelectReactor
2022-05-12 17:41:21 [scrapy.utils.log] INFO: Scrapy 2.5.0 started (bot: eversec)
2022-05-12 17:41:21 [scrapy.utils.log] INFO: Versions: lxml 4.6.3.0, libxml2 2.9.5, cssselect 1.1.0, parsel 1.6.0, w3lib 1.22.0, Twisted 22.4.0, Python 3.8.5 (default, Sep  3 2020, 21:29:08) [MSC v.1916 64 bit (AMD64)], pyOpenSSL 20.0.1 (OpenSSL 1.1.1i  8 Dec 2020), cryptography 3.3.2, Platform Windows-10-10.0.19041-SP0
2022-05-12 17:41:21 [scrapy.utils.log] DEBUG: Using reactor: twisted.internet.selectreactor.SelectReactor
2022-05-12 17:41:56 [scrapy.utils.log] INFO: Scrapy 2.5.0 started (bot: eversec)
2022-05-12 17:41:56 [scrapy.utils.log] INFO: Versions: lxml 4.6.3.0, libxml2 2.9.5, cssselect 1.1.0, parsel 1.6.0, w3lib 1.22.0, Twisted 22.4.0, Python 3.8.5 (default, Sep  3 2020, 21:29:08) [MSC v.1916 64 bit (AMD64)], pyOpenSSL 20.0.1 (OpenSSL 1.1.1i  8 Dec 2020), cryptography 3.3.2, Platform Windows-10-10.0.19041-SP0
2022-05-12 17:41:56 [scrapy.utils.log] DEBUG: Using reactor: twisted.internet.selectreactor.SelectReactor
2022-05-12 17:44:29 [scrapy.utils.log] INFO: Scrapy 2.5.0 started (bot: eversec)
2022-05-12 17:44:29 [scrapy.utils.log] INFO: Versions: lxml 4.6.3.0, libxml2 2.9.5, cssselect 1.1.0, parsel 1.6.0, w3lib 1.22.0, Twisted 22.4.0, Python 3.8.5 (default, Sep  3 2020, 21:29:08) [MSC v.1916 64 bit (AMD64)], pyOpenSSL 20.0.1 (OpenSSL 1.1.1i  8 Dec 2020), cryptography 3.3.2, Platform Windows-10-10.0.19041-SP0
2022-05-12 17:44:29 [scrapy.utils.log] DEBUG: Using reactor: twisted.internet.selectreactor.SelectReactor
2022-05-12 17:45:15 [scrapy.utils.log] INFO: Scrapy 2.5.0 started (bot: eversec)
2022-05-12 17:45:15 [scrapy.utils.log] INFO: Versions: lxml 4.6.3.0, libxml2 2.9.5, cssselect 1.1.0, parsel 1.6.0, w3lib 1.22.0, Twisted 22.4.0, Python 3.8.5 (default, Sep  3 2020, 21:29:08) [MSC v.1916 64 bit (AMD64)], pyOpenSSL 20.0.1 (OpenSSL 1.1.1i  8 Dec 2020), cryptography 3.3.2, Platform Windows-10-10.0.19041-SP0
2022-05-12 17:45:15 [scrapy.utils.log] DEBUG: Using reactor: twisted.internet.selectreactor.SelectReactor
2022-05-12 17:45:15 [scrapy.crawler] INFO: Overridden settings:
{'BOT_NAME': 'eversec',
 'DOWNLOAD_DELAY': 2,
 'DUPEFILTER_CLASS': 'scrapy_redis.dupefilter.RFPDupeFilter',
 'LOG_FILE': 'E:\\gitlab\\crawler-web\\eversec\\eversec\\log\\scrapy_2022_5_12.log',
 'NEWSPIDER_MODULE': 'eversec.spiders',
 'SCHEDULER': 'scrapy_redis.scheduler.Scheduler',
 'SPIDER_LOADER_WARN_ONLY': True,
 'SPIDER_MODULES': ['eversec.spiders']}
2022-05-12 17:45:15 [scrapy.extensions.telnet] INFO: Telnet Password: 0459551ab7df206f
2022-05-12 17:45:15 [scrapy.middleware] INFO: Enabled extensions:
['scrapy.extensions.corestats.CoreStats',
 'scrapy.extensions.telnet.TelnetConsole',
 'scrapy.extensions.logstats.LogStats']
2022-05-12 17:45:16 [scrapy.middleware] INFO: Enabled downloader middlewares:
['eversec.middlewares.RandomUserAgentMiddleware',
 'scrapy.downloadermiddlewares.httpauth.HttpAuthMiddleware',
 'scrapy.downloadermiddlewares.downloadtimeout.DownloadTimeoutMiddleware',
 'scrapy.downloadermiddlewares.defaultheaders.DefaultHeadersMiddleware',
 'scrapy.downloadermiddlewares.useragent.UserAgentMiddleware',
 'scrapy.downloadermiddlewares.retry.RetryMiddleware',
 'scrapy.downloadermiddlewares.redirect.MetaRefreshMiddleware',
 'scrapy.downloadermiddlewares.httpcompression.HttpCompressionMiddleware',
 'scrapy.downloadermiddlewares.redirect.RedirectMiddleware',
 'scrapy.downloadermiddlewares.cookies.CookiesMiddleware',
 'scrapy.downloadermiddlewares.httpproxy.HttpProxyMiddleware',
 'scrapy.downloadermiddlewares.stats.DownloaderStats']
2022-05-12 17:45:16 [scrapy.middleware] INFO: Enabled spider middlewares:
['scrapy.spidermiddlewares.httperror.HttpErrorMiddleware',
 'scrapy.spidermiddlewares.offsite.OffsiteMiddleware',
 'scrapy.spidermiddlewares.referer.RefererMiddleware',
 'scrapy.spidermiddlewares.urllength.UrlLengthMiddleware',
 'scrapy.spidermiddlewares.depth.DepthMiddleware']
2022-05-12 17:45:16 [scrapy.middleware] INFO: Enabled item pipelines:
['eversec.pipelines.EversecPipeline']
2022-05-12 17:45:16 [scrapy.core.engine] INFO: Spider opened
2022-05-12 17:45:16 [scrapy.extensions.logstats] INFO: Crawled 0 pages (at 0 pages/min), scraped 0 items (at 0 items/min)
2022-05-12 17:45:16 [scrapy.extensions.telnet] INFO: Telnet console listening on 127.0.0.1:6023
2022-05-12 17:45:18 [scrapy.core.engine] DEBUG: Crawled (200) <GET https://shouji.baidu.com/game/> (referer: None)
2022-05-12 17:45:19 [scrapy.core.engine] DEBUG: Crawled (200) <GET https://shouji.baidu.com//game/401/> (referer: https://shouji.baidu.com/game/)
2022-05-12 17:45:19 [baidu] INFO: 列表页url：https://shouji.baidu.com//game/401/list_1.html
2022-05-12 17:45:19 [baidu] INFO: 列表页url：https://shouji.baidu.com//game/401/list_2.html
2022-05-12 17:45:20 [scrapy.crawler] INFO: Received SIGINT, shutting down gracefully. Send again to force 
2022-05-12 17:45:20 [scrapy.core.engine] INFO: Closing spider (shutdown)
2022-05-12 17:45:21 [scrapy.crawler] INFO: Received SIGINT twice, forcing unclean shutdown
2022-05-12 17:46:34 [scrapy.utils.log] INFO: Scrapy 2.5.0 started (bot: eversec)
2022-05-12 17:46:34 [scrapy.utils.log] INFO: Versions: lxml 4.6.3.0, libxml2 2.9.5, cssselect 1.1.0, parsel 1.6.0, w3lib 1.22.0, Twisted 22.4.0, Python 3.8.5 (default, Sep  3 2020, 21:29:08) [MSC v.1916 64 bit (AMD64)], pyOpenSSL 20.0.1 (OpenSSL 1.1.1i  8 Dec 2020), cryptography 3.3.2, Platform Windows-10-10.0.19041-SP0
2022-05-12 17:46:34 [scrapy.utils.log] DEBUG: Using reactor: twisted.internet.selectreactor.SelectReactor
2022-05-12 17:46:34 [scrapy.crawler] INFO: Overridden settings:
{'BOT_NAME': 'eversec',
 'DOWNLOAD_DELAY': 2,
 'DUPEFILTER_CLASS': 'scrapy_redis.dupefilter.RFPDupeFilter',
 'LOG_FILE': 'E:\\gitlab\\crawler-web\\eversec\\eversec\\log\\scrapy_2022_5_12.log',
 'NEWSPIDER_MODULE': 'eversec.spiders',
 'SCHEDULER': 'scrapy_redis.scheduler.Scheduler',
 'SPIDER_LOADER_WARN_ONLY': True,
 'SPIDER_MODULES': ['eversec.spiders']}
2022-05-12 17:46:34 [scrapy.extensions.telnet] INFO: Telnet Password: a0e626d72148ce0e
2022-05-12 17:46:34 [scrapy.middleware] INFO: Enabled extensions:
['scrapy.extensions.corestats.CoreStats',
 'scrapy.extensions.telnet.TelnetConsole',
 'scrapy.extensions.logstats.LogStats']
2022-05-12 17:46:34 [scrapy.middleware] INFO: Enabled downloader middlewares:
['eversec.middlewares.RandomUserAgentMiddleware',
 'scrapy.downloadermiddlewares.httpauth.HttpAuthMiddleware',
 'scrapy.downloadermiddlewares.downloadtimeout.DownloadTimeoutMiddleware',
 'scrapy.downloadermiddlewares.defaultheaders.DefaultHeadersMiddleware',
 'scrapy.downloadermiddlewares.useragent.UserAgentMiddleware',
 'scrapy.downloadermiddlewares.retry.RetryMiddleware',
 'scrapy.downloadermiddlewares.redirect.MetaRefreshMiddleware',
 'scrapy.downloadermiddlewares.httpcompression.HttpCompressionMiddleware',
 'scrapy.downloadermiddlewares.redirect.RedirectMiddleware',
 'scrapy.downloadermiddlewares.cookies.CookiesMiddleware',
 'scrapy.downloadermiddlewares.httpproxy.HttpProxyMiddleware',
 'scrapy.downloadermiddlewares.stats.DownloaderStats']
2022-05-12 17:46:34 [scrapy.middleware] INFO: Enabled spider middlewares:
['scrapy.spidermiddlewares.httperror.HttpErrorMiddleware',
 'scrapy.spidermiddlewares.offsite.OffsiteMiddleware',
 'scrapy.spidermiddlewares.referer.RefererMiddleware',
 'scrapy.spidermiddlewares.urllength.UrlLengthMiddleware',
 'scrapy.spidermiddlewares.depth.DepthMiddleware']
2022-05-12 17:46:34 [scrapy.middleware] INFO: Enabled item pipelines:
['eversec.pipelines.EversecPipeline']
2022-05-12 17:46:34 [scrapy.core.engine] INFO: Spider opened
2022-05-12 17:46:34 [scrapy.extensions.logstats] INFO: Crawled 0 pages (at 0 pages/min), scraped 0 items (at 0 items/min)
2022-05-12 17:46:34 [scrapy.extensions.telnet] INFO: Telnet console listening on 127.0.0.1:6023
2022-05-12 17:46:35 [scrapy.core.engine] DEBUG: Crawled (200) <GET https://www.cr173.com/new/> (referer: None)
2022-05-12 17:46:35 [scrapy.core.engine] INFO: Closing spider (finished)
2022-05-12 17:46:35 [scrapy.statscollectors] INFO: Dumping Scrapy stats:
{'downloader/request_bytes': 308,
 'downloader/request_count': 1,
 'downloader/request_method_count/GET': 1,
 'downloader/response_bytes': 61680,
 'downloader/response_count': 1,
 'downloader/response_status_count/200': 1,
 'elapsed_time_seconds': 0.545538,
 'finish_reason': 'finished',
 'finish_time': datetime.datetime(2022, 5, 12, 9, 46, 35, 526539),
 'httpcompression/response_bytes': 484465,
 'httpcompression/response_count': 1,
 'log_count/DEBUG': 1,
 'log_count/INFO': 10,
 'response_received_count': 1,
 'scheduler/dequeued/redis': 1,
 'scheduler/enqueued/redis': 1,
 'start_time': datetime.datetime(2022, 5, 12, 9, 46, 34, 981001)}
2022-05-12 17:46:35 [scrapy.core.engine] INFO: Spider closed (finished)
2022-05-12 17:47:15 [scrapy.utils.log] INFO: Scrapy 2.5.0 started (bot: eversec)
2022-05-12 17:47:15 [scrapy.utils.log] INFO: Versions: lxml 4.6.3.0, libxml2 2.9.5, cssselect 1.1.0, parsel 1.6.0, w3lib 1.22.0, Twisted 22.4.0, Python 3.8.5 (default, Sep  3 2020, 21:29:08) [MSC v.1916 64 bit (AMD64)], pyOpenSSL 20.0.1 (OpenSSL 1.1.1i  8 Dec 2020), cryptography 3.3.2, Platform Windows-10-10.0.19041-SP0
2022-05-12 17:47:15 [scrapy.utils.log] DEBUG: Using reactor: twisted.internet.selectreactor.SelectReactor
2022-05-12 17:47:15 [scrapy.crawler] INFO: Overridden settings:
{'BOT_NAME': 'eversec',
 'DOWNLOAD_DELAY': 2,
 'DUPEFILTER_CLASS': 'scrapy_redis.dupefilter.RFPDupeFilter',
 'LOG_FILE': 'E:\\gitlab\\crawler-web\\eversec\\eversec\\log\\scrapy_2022_5_12.log',
 'NEWSPIDER_MODULE': 'eversec.spiders',
 'SCHEDULER': 'scrapy_redis.scheduler.Scheduler',
 'SPIDER_LOADER_WARN_ONLY': True,
 'SPIDER_MODULES': ['eversec.spiders']}
2022-05-12 17:47:15 [scrapy.extensions.telnet] INFO: Telnet Password: 4f46c39445f3c0e5
2022-05-12 17:47:15 [scrapy.middleware] INFO: Enabled extensions:
['scrapy.extensions.corestats.CoreStats',
 'scrapy.extensions.telnet.TelnetConsole',
 'scrapy.extensions.logstats.LogStats']
2022-05-12 17:47:15 [scrapy.middleware] INFO: Enabled downloader middlewares:
['eversec.middlewares.RandomUserAgentMiddleware',
 'scrapy.downloadermiddlewares.httpauth.HttpAuthMiddleware',
 'scrapy.downloadermiddlewares.downloadtimeout.DownloadTimeoutMiddleware',
 'scrapy.downloadermiddlewares.defaultheaders.DefaultHeadersMiddleware',
 'scrapy.downloadermiddlewares.useragent.UserAgentMiddleware',
 'scrapy.downloadermiddlewares.retry.RetryMiddleware',
 'scrapy.downloadermiddlewares.redirect.MetaRefreshMiddleware',
 'scrapy.downloadermiddlewares.httpcompression.HttpCompressionMiddleware',
 'scrapy.downloadermiddlewares.redirect.RedirectMiddleware',
 'scrapy.downloadermiddlewares.cookies.CookiesMiddleware',
 'scrapy.downloadermiddlewares.httpproxy.HttpProxyMiddleware',
 'scrapy.downloadermiddlewares.stats.DownloaderStats']
2022-05-12 17:47:15 [scrapy.middleware] INFO: Enabled spider middlewares:
['scrapy.spidermiddlewares.httperror.HttpErrorMiddleware',
 'scrapy.spidermiddlewares.offsite.OffsiteMiddleware',
 'scrapy.spidermiddlewares.referer.RefererMiddleware',
 'scrapy.spidermiddlewares.urllength.UrlLengthMiddleware',
 'scrapy.spidermiddlewares.depth.DepthMiddleware']
2022-05-12 17:47:15 [scrapy.middleware] INFO: Enabled item pipelines:
['eversec.pipelines.EversecPipeline']
2022-05-12 17:47:15 [scrapy.core.engine] INFO: Spider opened
2022-05-12 17:47:15 [scrapy.extensions.logstats] INFO: Crawled 0 pages (at 0 pages/min), scraped 0 items (at 0 items/min)
2022-05-12 17:47:15 [scrapy.extensions.telnet] INFO: Telnet console listening on 127.0.0.1:6023
2022-05-12 17:47:16 [scrapy.core.engine] DEBUG: Crawled (200) <GET https://www.cr173.com/new/> (referer: None)
2022-05-12 17:47:16 [scrapy.core.engine] INFO: Closing spider (finished)
2022-05-12 17:47:16 [scrapy.statscollectors] INFO: Dumping Scrapy stats:
{'downloader/request_bytes': 308,
 'downloader/request_count': 1,
 'downloader/request_method_count/GET': 1,
 'downloader/response_bytes': 61919,
 'downloader/response_count': 1,
 'downloader/response_status_count/200': 1,
 'elapsed_time_seconds': 0.369015,
 'finish_reason': 'finished',
 'finish_time': datetime.datetime(2022, 5, 12, 9, 47, 16, 132929),
 'httpcompression/response_bytes': 484465,
 'httpcompression/response_count': 1,
 'log_count/DEBUG': 1,
 'log_count/INFO': 10,
 'response_received_count': 1,
 'scheduler/dequeued/redis': 1,
 'scheduler/enqueued/redis': 1,
 'start_time': datetime.datetime(2022, 5, 12, 9, 47, 15, 763914)}
2022-05-12 17:47:16 [scrapy.core.engine] INFO: Spider closed (finished)
2022-05-12 19:28:52 [scrapy.utils.log] INFO: Scrapy 2.5.0 started (bot: eversec)
2022-05-12 19:28:52 [scrapy.utils.log] INFO: Versions: lxml 4.6.3.0, libxml2 2.9.5, cssselect 1.1.0, parsel 1.6.0, w3lib 1.22.0, Twisted 22.4.0, Python 3.8.5 (default, Sep  3 2020, 21:29:08) [MSC v.1916 64 bit (AMD64)], pyOpenSSL 20.0.1 (OpenSSL 1.1.1i  8 Dec 2020), cryptography 3.3.2, Platform Windows-10-10.0.19041-SP0
2022-05-12 19:28:52 [scrapy.utils.log] DEBUG: Using reactor: twisted.internet.selectreactor.SelectReactor
2022-05-12 19:28:52 [scrapy.crawler] INFO: Overridden settings:
{'BOT_NAME': 'eversec',
 'DOWNLOAD_DELAY': 2,
 'DUPEFILTER_CLASS': 'scrapy_redis.dupefilter.RFPDupeFilter',
 'LOG_FILE': 'E:\\gitlab\\crawler-web\\eversec\\eversec\\log\\scrapy_2022_5_12.log',
 'NEWSPIDER_MODULE': 'eversec.spiders',
 'SCHEDULER': 'scrapy_redis.scheduler.Scheduler',
 'SPIDER_LOADER_WARN_ONLY': True,
 'SPIDER_MODULES': ['eversec.spiders']}
2022-05-12 19:28:52 [scrapy.extensions.telnet] INFO: Telnet Password: d43c33896a4e72e0
2022-05-12 19:28:52 [scrapy.middleware] INFO: Enabled extensions:
['scrapy.extensions.corestats.CoreStats',
 'scrapy.extensions.telnet.TelnetConsole',
 'scrapy.extensions.logstats.LogStats']
2022-05-12 19:28:53 [scrapy.middleware] INFO: Enabled downloader middlewares:
['eversec.middlewares.RandomUserAgentMiddleware',
 'scrapy.downloadermiddlewares.httpauth.HttpAuthMiddleware',
 'scrapy.downloadermiddlewares.downloadtimeout.DownloadTimeoutMiddleware',
 'scrapy.downloadermiddlewares.defaultheaders.DefaultHeadersMiddleware',
 'scrapy.downloadermiddlewares.useragent.UserAgentMiddleware',
 'scrapy.downloadermiddlewares.retry.RetryMiddleware',
 'scrapy.downloadermiddlewares.redirect.MetaRefreshMiddleware',
 'scrapy.downloadermiddlewares.httpcompression.HttpCompressionMiddleware',
 'scrapy.downloadermiddlewares.redirect.RedirectMiddleware',
 'scrapy.downloadermiddlewares.cookies.CookiesMiddleware',
 'scrapy.downloadermiddlewares.httpproxy.HttpProxyMiddleware',
 'scrapy.downloadermiddlewares.stats.DownloaderStats']
2022-05-12 19:28:53 [scrapy.middleware] INFO: Enabled spider middlewares:
['scrapy.spidermiddlewares.httperror.HttpErrorMiddleware',
 'scrapy.spidermiddlewares.offsite.OffsiteMiddleware',
 'scrapy.spidermiddlewares.referer.RefererMiddleware',
 'scrapy.spidermiddlewares.urllength.UrlLengthMiddleware',
 'scrapy.spidermiddlewares.depth.DepthMiddleware']
2022-05-12 19:28:53 [scrapy.middleware] INFO: Enabled item pipelines:
['eversec.pipelines.EversecPipeline']
2022-05-12 19:28:53 [scrapy.core.engine] INFO: Spider opened
2022-05-12 19:28:53 [scrapy.extensions.logstats] INFO: Crawled 0 pages (at 0 pages/min), scraped 0 items (at 0 items/min)
2022-05-12 19:28:53 [scrapy.extensions.telnet] INFO: Telnet console listening on 127.0.0.1:6023
2022-05-12 19:28:53 [scrapy.core.engine] DEBUG: Crawled (200) <GET https://www.cr173.com/new/> (referer: None)
2022-05-12 19:28:53 [xixisoft] INFO: url
2022-05-12 19:28:53 [xixisoft] INFO: url
2022-05-12 19:28:53 [xixisoft] INFO: url
2022-05-12 19:28:53 [xixisoft] INFO: url
2022-05-12 19:28:53 [xixisoft] INFO: url
2022-05-12 19:28:56 [scrapy.core.engine] DEBUG: Crawled (200) <GET https://www.cr173.com/soft/259284.html> (referer: https://www.cr173.com/new/)
2022-05-12 19:28:57 [scrapy.core.engine] DEBUG: Crawled (200) <GET https://www.cr173.com/soft/1487899.html> (referer: https://www.cr173.com/new/)
2022-05-12 19:28:59 [scrapy.core.engine] DEBUG: Crawled (200) <GET https://www.cr173.com/soft/1468563.html> (referer: https://www.cr173.com/new/)
2022-05-12 19:29:02 [scrapy.core.engine] DEBUG: Crawled (200) <GET https://www.cr173.com/soft/1477849.html> (referer: https://www.cr173.com/new/)
2022-05-12 19:29:02 [scrapy.crawler] INFO: Received SIGINT, shutting down gracefully. Send again to force 
2022-05-12 19:29:02 [scrapy.core.engine] INFO: Closing spider (shutdown)
2022-05-12 19:29:05 [scrapy.core.engine] DEBUG: Crawled (200) <GET https://www.cr173.com/soft/1495415.html> (referer: https://www.cr173.com/new/)
2022-05-12 19:29:05 [scrapy.crawler] INFO: Received SIGINT twice, forcing unclean shutdown
2022-05-12 19:29:22 [scrapy.utils.log] INFO: Scrapy 2.5.0 started (bot: eversec)
2022-05-12 19:29:22 [scrapy.utils.log] INFO: Versions: lxml 4.6.3.0, libxml2 2.9.5, cssselect 1.1.0, parsel 1.6.0, w3lib 1.22.0, Twisted 22.4.0, Python 3.8.5 (default, Sep  3 2020, 21:29:08) [MSC v.1916 64 bit (AMD64)], pyOpenSSL 20.0.1 (OpenSSL 1.1.1i  8 Dec 2020), cryptography 3.3.2, Platform Windows-10-10.0.19041-SP0
2022-05-12 19:29:22 [scrapy.utils.log] DEBUG: Using reactor: twisted.internet.selectreactor.SelectReactor
2022-05-12 19:29:22 [scrapy.crawler] INFO: Overridden settings:
{'BOT_NAME': 'eversec',
 'DOWNLOAD_DELAY': 2,
 'DUPEFILTER_CLASS': 'scrapy_redis.dupefilter.RFPDupeFilter',
 'LOG_FILE': 'E:\\gitlab\\crawler-web\\eversec\\eversec\\log\\scrapy_2022_5_12.log',
 'NEWSPIDER_MODULE': 'eversec.spiders',
 'SCHEDULER': 'scrapy_redis.scheduler.Scheduler',
 'SPIDER_LOADER_WARN_ONLY': True,
 'SPIDER_MODULES': ['eversec.spiders']}
2022-05-12 19:29:22 [scrapy.extensions.telnet] INFO: Telnet Password: bfe2957fff73b287
2022-05-12 19:29:22 [scrapy.middleware] INFO: Enabled extensions:
['scrapy.extensions.corestats.CoreStats',
 'scrapy.extensions.telnet.TelnetConsole',
 'scrapy.extensions.logstats.LogStats']
2022-05-12 19:29:22 [scrapy.middleware] INFO: Enabled downloader middlewares:
['eversec.middlewares.RandomUserAgentMiddleware',
 'scrapy.downloadermiddlewares.httpauth.HttpAuthMiddleware',
 'scrapy.downloadermiddlewares.downloadtimeout.DownloadTimeoutMiddleware',
 'scrapy.downloadermiddlewares.defaultheaders.DefaultHeadersMiddleware',
 'scrapy.downloadermiddlewares.useragent.UserAgentMiddleware',
 'scrapy.downloadermiddlewares.retry.RetryMiddleware',
 'scrapy.downloadermiddlewares.redirect.MetaRefreshMiddleware',
 'scrapy.downloadermiddlewares.httpcompression.HttpCompressionMiddleware',
 'scrapy.downloadermiddlewares.redirect.RedirectMiddleware',
 'scrapy.downloadermiddlewares.cookies.CookiesMiddleware',
 'scrapy.downloadermiddlewares.httpproxy.HttpProxyMiddleware',
 'scrapy.downloadermiddlewares.stats.DownloaderStats']
2022-05-12 19:29:22 [scrapy.middleware] INFO: Enabled spider middlewares:
['scrapy.spidermiddlewares.httperror.HttpErrorMiddleware',
 'scrapy.spidermiddlewares.offsite.OffsiteMiddleware',
 'scrapy.spidermiddlewares.referer.RefererMiddleware',
 'scrapy.spidermiddlewares.urllength.UrlLengthMiddleware',
 'scrapy.spidermiddlewares.depth.DepthMiddleware']
2022-05-12 19:29:22 [scrapy.middleware] INFO: Enabled item pipelines:
['eversec.pipelines.EversecPipeline']
2022-05-12 19:29:22 [scrapy.core.engine] INFO: Spider opened
2022-05-12 19:29:22 [scrapy.extensions.logstats] INFO: Crawled 0 pages (at 0 pages/min), scraped 0 items (at 0 items/min)
2022-05-12 19:29:22 [scrapy.extensions.telnet] INFO: Telnet console listening on 127.0.0.1:6023
2022-05-12 19:29:22 [scrapy_redis.dupefilter] DEBUG: Filtered duplicate request <GET https://www.cr173.com/new/> - no more duplicates will be shown (see DUPEFILTER_DEBUG to show all duplicates)
2022-05-12 19:29:22 [scrapy.core.engine] INFO: Closing spider (finished)
2022-05-12 19:29:22 [scrapy.statscollectors] INFO: Dumping Scrapy stats:
{'elapsed_time_seconds': 0.010971,
 'finish_reason': 'finished',
 'finish_time': datetime.datetime(2022, 5, 12, 11, 29, 22, 921086),
 'log_count/DEBUG': 1,
 'log_count/INFO': 10,
 'start_time': datetime.datetime(2022, 5, 12, 11, 29, 22, 910115)}
2022-05-12 19:29:22 [scrapy.core.engine] INFO: Spider closed (finished)
2022-05-12 19:32:20 [scrapy.utils.log] INFO: Scrapy 2.5.0 started (bot: eversec)
2022-05-12 19:32:20 [scrapy.utils.log] INFO: Versions: lxml 4.6.3.0, libxml2 2.9.5, cssselect 1.1.0, parsel 1.6.0, w3lib 1.22.0, Twisted 22.4.0, Python 3.8.5 (default, Sep  3 2020, 21:29:08) [MSC v.1916 64 bit (AMD64)], pyOpenSSL 20.0.1 (OpenSSL 1.1.1i  8 Dec 2020), cryptography 3.3.2, Platform Windows-10-10.0.19041-SP0
2022-05-12 19:32:20 [scrapy.utils.log] DEBUG: Using reactor: twisted.internet.selectreactor.SelectReactor
2022-05-12 19:32:20 [scrapy.crawler] INFO: Overridden settings:
{'BOT_NAME': 'eversec',
 'DOWNLOAD_DELAY': 2,
 'DUPEFILTER_CLASS': 'scrapy_redis.dupefilter.RFPDupeFilter',
 'LOG_FILE': 'E:\\gitlab\\crawler-web\\eversec\\eversec\\log\\scrapy_2022_5_12.log',
 'NEWSPIDER_MODULE': 'eversec.spiders',
 'SCHEDULER': 'scrapy_redis.scheduler.Scheduler',
 'SPIDER_LOADER_WARN_ONLY': True,
 'SPIDER_MODULES': ['eversec.spiders']}
2022-05-12 19:32:20 [scrapy.extensions.telnet] INFO: Telnet Password: 950f379afdcb4617
2022-05-12 19:32:20 [scrapy.middleware] INFO: Enabled extensions:
['scrapy.extensions.corestats.CoreStats',
 'scrapy.extensions.telnet.TelnetConsole',
 'scrapy.extensions.logstats.LogStats']
2022-05-12 19:32:21 [scrapy.middleware] INFO: Enabled downloader middlewares:
['eversec.middlewares.RandomUserAgentMiddleware',
 'scrapy.downloadermiddlewares.httpauth.HttpAuthMiddleware',
 'scrapy.downloadermiddlewares.downloadtimeout.DownloadTimeoutMiddleware',
 'scrapy.downloadermiddlewares.defaultheaders.DefaultHeadersMiddleware',
 'scrapy.downloadermiddlewares.useragent.UserAgentMiddleware',
 'scrapy.downloadermiddlewares.retry.RetryMiddleware',
 'scrapy.downloadermiddlewares.redirect.MetaRefreshMiddleware',
 'scrapy.downloadermiddlewares.httpcompression.HttpCompressionMiddleware',
 'scrapy.downloadermiddlewares.redirect.RedirectMiddleware',
 'scrapy.downloadermiddlewares.cookies.CookiesMiddleware',
 'scrapy.downloadermiddlewares.httpproxy.HttpProxyMiddleware',
 'scrapy.downloadermiddlewares.stats.DownloaderStats']
2022-05-12 19:32:21 [scrapy.middleware] INFO: Enabled spider middlewares:
['scrapy.spidermiddlewares.httperror.HttpErrorMiddleware',
 'scrapy.spidermiddlewares.offsite.OffsiteMiddleware',
 'scrapy.spidermiddlewares.referer.RefererMiddleware',
 'scrapy.spidermiddlewares.urllength.UrlLengthMiddleware',
 'scrapy.spidermiddlewares.depth.DepthMiddleware']
2022-05-12 19:32:21 [scrapy.middleware] INFO: Enabled item pipelines:
['eversec.pipelines.EversecPipeline']
2022-05-12 19:32:21 [scrapy.core.engine] INFO: Spider opened
2022-05-12 19:32:21 [scrapy.extensions.logstats] INFO: Crawled 0 pages (at 0 pages/min), scraped 0 items (at 0 items/min)
2022-05-12 19:32:21 [scrapy.extensions.telnet] INFO: Telnet console listening on 127.0.0.1:6023
2022-05-12 19:32:21 [scrapy.core.engine] DEBUG: Crawled (200) <GET https://www.cr173.com/new/> (referer: None)
2022-05-12 19:32:21 [xixisoft] INFO: url
2022-05-12 19:32:21 [xixisoft] INFO: url
2022-05-12 19:32:21 [xixisoft] INFO: url
2022-05-12 19:32:21 [xixisoft] INFO: url
2022-05-12 19:32:21 [xixisoft] INFO: url
2022-05-12 19:32:24 [scrapy.core.engine] DEBUG: Crawled (200) <GET https://www.cr173.com/soft/259284.html> (referer: https://www.cr173.com/new/)
2022-05-12 19:32:26 [scrapy.core.engine] DEBUG: Crawled (200) <GET https://www.cr173.com/soft/1477849.html> (referer: https://www.cr173.com/new/)
2022-05-12 19:32:28 [scrapy.core.engine] DEBUG: Crawled (200) <GET https://www.cr173.com/soft/1487899.html> (referer: https://www.cr173.com/new/)
2022-05-12 19:32:31 [scrapy.core.engine] DEBUG: Crawled (200) <GET https://www.cr173.com/soft/1495415.html> (referer: https://www.cr173.com/new/)
2022-05-12 19:32:33 [scrapy.core.engine] DEBUG: Crawled (200) <GET https://www.cr173.com/soft/1468563.html> (referer: https://www.cr173.com/new/)
2022-05-12 19:32:33 [scrapy.core.engine] INFO: Closing spider (finished)
2022-05-12 19:32:33 [scrapy.statscollectors] INFO: Dumping Scrapy stats:
{'downloader/request_bytes': 2097,
 'downloader/request_count': 6,
 'downloader/request_method_count/GET': 6,
 'downloader/response_bytes': 118668,
 'downloader/response_count': 6,
 'downloader/response_status_count/200': 6,
 'elapsed_time_seconds': 12.465654,
 'finish_reason': 'finished',
 'finish_time': datetime.datetime(2022, 5, 12, 11, 32, 33, 859375),
 'httpcompression/response_bytes': 676316,
 'httpcompression/response_count': 6,
 'log_count/DEBUG': 6,
 'log_count/INFO': 15,
 'request_depth_max': 1,
 'response_received_count': 6,
 'scheduler/dequeued/redis': 6,
 'scheduler/enqueued/redis': 6,
 'start_time': datetime.datetime(2022, 5, 12, 11, 32, 21, 393721)}
2022-05-12 19:32:33 [scrapy.core.engine] INFO: Spider closed (finished)
2022-05-12 19:56:19 [scrapy.utils.log] INFO: Scrapy 2.5.0 started (bot: eversec)
2022-05-12 19:56:19 [scrapy.utils.log] INFO: Versions: lxml 4.6.3.0, libxml2 2.9.5, cssselect 1.1.0, parsel 1.6.0, w3lib 1.22.0, Twisted 22.4.0, Python 3.8.5 (default, Sep  3 2020, 21:29:08) [MSC v.1916 64 bit (AMD64)], pyOpenSSL 20.0.1 (OpenSSL 1.1.1i  8 Dec 2020), cryptography 3.3.2, Platform Windows-10-10.0.19041-SP0
2022-05-12 19:56:19 [scrapy.utils.log] DEBUG: Using reactor: twisted.internet.selectreactor.SelectReactor
2022-05-12 19:56:19 [scrapy.crawler] INFO: Overridden settings:
{'BOT_NAME': 'eversec',
 'DOWNLOAD_DELAY': 2,
 'DUPEFILTER_CLASS': 'scrapy_redis.dupefilter.RFPDupeFilter',
 'LOG_FILE': 'E:\\gitlab\\crawler-web\\eversec\\eversec\\log\\scrapy_2022_5_12.log',
 'NEWSPIDER_MODULE': 'eversec.spiders',
 'SCHEDULER': 'scrapy_redis.scheduler.Scheduler',
 'SPIDER_LOADER_WARN_ONLY': True,
 'SPIDER_MODULES': ['eversec.spiders']}
2022-05-12 19:56:19 [scrapy.extensions.telnet] INFO: Telnet Password: 37a3d6918b6cc196
2022-05-12 19:56:19 [scrapy.middleware] INFO: Enabled extensions:
['scrapy.extensions.corestats.CoreStats',
 'scrapy.extensions.telnet.TelnetConsole',
 'scrapy.extensions.logstats.LogStats']
2022-05-12 19:56:20 [scrapy.middleware] INFO: Enabled downloader middlewares:
['eversec.middlewares.RandomUserAgentMiddleware',
 'scrapy.downloadermiddlewares.httpauth.HttpAuthMiddleware',
 'scrapy.downloadermiddlewares.downloadtimeout.DownloadTimeoutMiddleware',
 'scrapy.downloadermiddlewares.defaultheaders.DefaultHeadersMiddleware',
 'scrapy.downloadermiddlewares.useragent.UserAgentMiddleware',
 'scrapy.downloadermiddlewares.retry.RetryMiddleware',
 'scrapy.downloadermiddlewares.redirect.MetaRefreshMiddleware',
 'scrapy.downloadermiddlewares.httpcompression.HttpCompressionMiddleware',
 'scrapy.downloadermiddlewares.redirect.RedirectMiddleware',
 'scrapy.downloadermiddlewares.cookies.CookiesMiddleware',
 'scrapy.downloadermiddlewares.httpproxy.HttpProxyMiddleware',
 'scrapy.downloadermiddlewares.stats.DownloaderStats']
2022-05-12 19:56:20 [scrapy.middleware] INFO: Enabled spider middlewares:
['scrapy.spidermiddlewares.httperror.HttpErrorMiddleware',
 'scrapy.spidermiddlewares.offsite.OffsiteMiddleware',
 'scrapy.spidermiddlewares.referer.RefererMiddleware',
 'scrapy.spidermiddlewares.urllength.UrlLengthMiddleware',
 'scrapy.spidermiddlewares.depth.DepthMiddleware']
2022-05-12 19:56:20 [scrapy.middleware] INFO: Enabled item pipelines:
['eversec.pipelines.EversecPipeline']
2022-05-12 19:56:20 [scrapy.core.engine] INFO: Spider opened
2022-05-12 19:56:20 [scrapy.extensions.logstats] INFO: Crawled 0 pages (at 0 pages/min), scraped 0 items (at 0 items/min)
2022-05-12 19:56:20 [scrapy.extensions.telnet] INFO: Telnet console listening on 127.0.0.1:6023
2022-05-12 19:56:20 [scrapy.core.engine] DEBUG: Crawled (200) <GET https://www.cr173.com/new/> (referer: None)
2022-05-12 19:56:20 [xixisoft] INFO: url
2022-05-12 19:56:20 [xixisoft] INFO: url
2022-05-12 19:56:20 [xixisoft] INFO: url
2022-05-12 19:56:20 [xixisoft] INFO: url
2022-05-12 19:56:20 [xixisoft] INFO: url
2022-05-12 19:56:23 [scrapy.core.engine] DEBUG: Crawled (200) <GET https://www.cr173.com/soft/259284.html> (referer: https://www.cr173.com/new/)
2022-05-12 19:56:25 [scrapy.core.engine] DEBUG: Crawled (200) <GET https://www.cr173.com/soft/1477849.html> (referer: https://www.cr173.com/new/)
2022-05-12 19:56:25 [xixisoft] INFO: 数据：小说全集app
2022-05-12 19:56:28 [scrapy.core.engine] DEBUG: Crawled (200) <GET https://www.cr173.com/soft/1487899.html> (referer: https://www.cr173.com/new/)
2022-05-12 19:56:28 [xixisoft] INFO: 数据：鲸品集app
2022-05-12 19:56:30 [scrapy.core.engine] DEBUG: Crawled (200) <GET https://www.cr173.com/soft/1495415.html> (referer: https://www.cr173.com/new/)
2022-05-12 19:56:31 [xixisoft] INFO: 数据：悦跑极速版
2022-05-12 19:56:32 [scrapy.core.engine] DEBUG: Crawled (200) <GET https://www.cr173.com/soft/1468563.html> (referer: https://www.cr173.com/new/)
2022-05-12 19:56:32 [xixisoft] INFO: 数据：萤石云视频监控安装
2022-05-12 19:56:32 [scrapy.core.engine] INFO: Closing spider (finished)
2022-05-12 19:56:32 [scrapy.statscollectors] INFO: Dumping Scrapy stats:
{'downloader/request_bytes': 2097,
 'downloader/request_count': 6,
 'downloader/request_method_count/GET': 6,
 'downloader/response_bytes': 118501,
 'downloader/response_count': 6,
 'downloader/response_status_count/200': 6,
 'elapsed_time_seconds': 12.318054,
 'finish_reason': 'finished',
 'finish_time': datetime.datetime(2022, 5, 12, 11, 56, 32, 627300),
 'httpcompression/response_bytes': 676316,
 'httpcompression/response_count': 6,
 'log_count/DEBUG': 6,
 'log_count/INFO': 19,
 'request_depth_max': 1,
 'response_received_count': 6,
 'scheduler/dequeued/redis': 6,
 'scheduler/enqueued/redis': 6,
 'start_time': datetime.datetime(2022, 5, 12, 11, 56, 20, 309246)}
2022-05-12 19:56:32 [scrapy.core.engine] INFO: Spider closed (finished)
2022-05-12 19:57:59 [scrapy.utils.log] INFO: Scrapy 2.5.0 started (bot: eversec)
2022-05-12 19:57:59 [scrapy.utils.log] INFO: Versions: lxml 4.6.3.0, libxml2 2.9.5, cssselect 1.1.0, parsel 1.6.0, w3lib 1.22.0, Twisted 22.4.0, Python 3.8.5 (default, Sep  3 2020, 21:29:08) [MSC v.1916 64 bit (AMD64)], pyOpenSSL 20.0.1 (OpenSSL 1.1.1i  8 Dec 2020), cryptography 3.3.2, Platform Windows-10-10.0.19041-SP0
2022-05-12 19:57:59 [scrapy.utils.log] DEBUG: Using reactor: twisted.internet.selectreactor.SelectReactor
2022-05-12 19:57:59 [scrapy.crawler] INFO: Overridden settings:
{'BOT_NAME': 'eversec',
 'DOWNLOAD_DELAY': 2,
 'DUPEFILTER_CLASS': 'scrapy_redis.dupefilter.RFPDupeFilter',
 'LOG_FILE': 'E:\\gitlab\\crawler-web\\eversec\\eversec\\log\\scrapy_2022_5_12.log',
 'NEWSPIDER_MODULE': 'eversec.spiders',
 'SCHEDULER': 'scrapy_redis.scheduler.Scheduler',
 'SPIDER_LOADER_WARN_ONLY': True,
 'SPIDER_MODULES': ['eversec.spiders']}
2022-05-12 19:57:59 [scrapy.extensions.telnet] INFO: Telnet Password: c973ea55ef2e60a8
2022-05-12 19:58:00 [scrapy.middleware] INFO: Enabled extensions:
['scrapy.extensions.corestats.CoreStats',
 'scrapy.extensions.telnet.TelnetConsole',
 'scrapy.extensions.logstats.LogStats']
2022-05-12 19:58:00 [scrapy.middleware] INFO: Enabled downloader middlewares:
['eversec.middlewares.RandomUserAgentMiddleware',
 'scrapy.downloadermiddlewares.httpauth.HttpAuthMiddleware',
 'scrapy.downloadermiddlewares.downloadtimeout.DownloadTimeoutMiddleware',
 'scrapy.downloadermiddlewares.defaultheaders.DefaultHeadersMiddleware',
 'scrapy.downloadermiddlewares.useragent.UserAgentMiddleware',
 'scrapy.downloadermiddlewares.retry.RetryMiddleware',
 'scrapy.downloadermiddlewares.redirect.MetaRefreshMiddleware',
 'scrapy.downloadermiddlewares.httpcompression.HttpCompressionMiddleware',
 'scrapy.downloadermiddlewares.redirect.RedirectMiddleware',
 'scrapy.downloadermiddlewares.cookies.CookiesMiddleware',
 'scrapy.downloadermiddlewares.httpproxy.HttpProxyMiddleware',
 'scrapy.downloadermiddlewares.stats.DownloaderStats']
2022-05-12 19:58:00 [scrapy.middleware] INFO: Enabled spider middlewares:
['scrapy.spidermiddlewares.httperror.HttpErrorMiddleware',
 'scrapy.spidermiddlewares.offsite.OffsiteMiddleware',
 'scrapy.spidermiddlewares.referer.RefererMiddleware',
 'scrapy.spidermiddlewares.urllength.UrlLengthMiddleware',
 'scrapy.spidermiddlewares.depth.DepthMiddleware']
2022-05-12 19:58:00 [scrapy.middleware] INFO: Enabled item pipelines:
['eversec.pipelines.EversecPipeline']
2022-05-12 19:58:00 [scrapy.core.engine] INFO: Spider opened
2022-05-12 19:58:00 [scrapy.extensions.logstats] INFO: Crawled 0 pages (at 0 pages/min), scraped 0 items (at 0 items/min)
2022-05-12 19:58:00 [scrapy.extensions.telnet] INFO: Telnet console listening on 127.0.0.1:6023
2022-05-12 19:58:01 [scrapy.core.engine] DEBUG: Crawled (200) <GET https://www.cr173.com/new/> (referer: None)
2022-05-12 19:58:01 [xixisoft] INFO: url
2022-05-12 19:58:01 [xixisoft] INFO: url
2022-05-12 19:58:01 [xixisoft] INFO: url
2022-05-12 19:58:01 [xixisoft] INFO: url
2022-05-12 19:58:01 [xixisoft] INFO: url
2022-05-12 19:58:03 [scrapy.core.engine] DEBUG: Crawled (200) <GET https://www.cr173.com/soft/259284.html> (referer: https://www.cr173.com/new/)
2022-05-12 19:58:06 [scrapy.core.engine] DEBUG: Crawled (200) <GET https://www.cr173.com/soft/1487899.html> (referer: https://www.cr173.com/new/)
2022-05-12 19:58:06 [xixisoft] INFO: 数据：鲸品集app
2022-05-12 19:58:08 [scrapy.core.engine] DEBUG: Crawled (200) <GET https://www.cr173.com/soft/1495415.html> (referer: https://www.cr173.com/new/)
2022-05-12 19:58:09 [xixisoft] INFO: 数据：悦跑极速版
2022-05-12 19:58:10 [scrapy.core.engine] DEBUG: Crawled (200) <GET https://www.cr173.com/soft/1468563.html> (referer: https://www.cr173.com/new/)
2022-05-12 19:58:11 [xixisoft] INFO: 数据：萤石云视频监控安装
2022-05-12 19:58:13 [scrapy.core.engine] DEBUG: Crawled (200) <GET https://www.cr173.com/soft/1477849.html> (referer: https://www.cr173.com/new/)
2022-05-12 19:58:14 [xixisoft] INFO: 数据：小说全集app
2022-05-12 19:58:14 [scrapy.core.engine] INFO: Closing spider (finished)
2022-05-12 19:58:14 [scrapy.statscollectors] INFO: Dumping Scrapy stats:
{'downloader/request_bytes': 2097,
 'downloader/request_count': 6,
 'downloader/request_method_count/GET': 6,
 'downloader/response_bytes': 118649,
 'downloader/response_count': 6,
 'downloader/response_status_count/200': 6,
 'elapsed_time_seconds': 13.315387,
 'finish_reason': 'finished',
 'finish_time': datetime.datetime(2022, 5, 12, 11, 58, 14, 99885),
 'httpcompression/response_bytes': 676316,
 'httpcompression/response_count': 6,
 'log_count/DEBUG': 6,
 'log_count/INFO': 19,
 'request_depth_max': 1,
 'response_received_count': 6,
 'scheduler/dequeued/redis': 6,
 'scheduler/enqueued/redis': 6,
 'start_time': datetime.datetime(2022, 5, 12, 11, 58, 0, 784498)}
2022-05-12 19:58:14 [scrapy.core.engine] INFO: Spider closed (finished)
